[0.010s] Invoking command in '/home/jaewoong/colcon_Ws/src/robstride_dk/build/robstride_dk': CMAKE_PREFIX_PATH=${CMAKE_PREFIX_PATH}:/opt/ros/humble /usr/bin/cmake /home/jaewoong/colcon_Ws/src/robstride_dk -DCMAKE_INSTALL_PREFIX=/home/jaewoong/colcon_Ws/src/robstride_dk/install/robstride_dk
[0.146s] -- The C compiler identification is GNU 11.4.0
[0.254s] -- The CXX compiler identification is GNU 11.4.0
[0.262s] -- Detecting C compiler ABI info
[0.355s] -- Detecting C compiler ABI info - done
[0.362s] -- Check for working C compiler: /usr/bin/cc - skipped
[0.362s] -- Detecting C compile features
[0.363s] -- Detecting C compile features - done
[0.366s] -- Detecting CXX compiler ABI info
[0.475s] -- Detecting CXX compiler ABI info - done
[0.481s] -- Check for working CXX compiler: /usr/bin/c++ - skipped
[0.481s] -- Detecting CXX compile features
[0.481s] -- Detecting CXX compile features - done
[0.484s] -- Found ament_cmake: 1.3.12 (/opt/ros/humble/share/ament_cmake/cmake)
[0.626s] -- Found Python3: /usr/bin/python3 (found version "3.10.12") found components: Interpreter 
[0.704s] -- Found rclcpp: 16.0.16 (/opt/ros/humble/share/rclcpp/cmake)
[0.741s] -- Found rosidl_generator_c: 3.1.7 (/opt/ros/humble/share/rosidl_generator_c/cmake)
[0.745s] -- Found rosidl_adapter: 3.1.7 (/opt/ros/humble/share/rosidl_adapter/cmake)
[0.752s] -- Found rosidl_generator_cpp: 3.1.7 (/opt/ros/humble/share/rosidl_generator_cpp/cmake)
[0.763s] -- Using all available rosidl_typesupport_c: rosidl_typesupport_fastrtps_c;rosidl_typesupport_introspection_c
[0.777s] -- Using all available rosidl_typesupport_cpp: rosidl_typesupport_fastrtps_cpp;rosidl_typesupport_introspection_cpp
[0.820s] -- Found rmw_implementation_cmake: 6.1.2 (/opt/ros/humble/share/rmw_implementation_cmake/cmake)
[0.824s] -- Found rmw_fastrtps_cpp: 6.2.9 (/opt/ros/humble/share/rmw_fastrtps_cpp/cmake)
[0.962s] -- Found OpenSSL: /usr/lib/x86_64-linux-gnu/libcrypto.so (found version "3.0.2")  
[1.000s] -- Found FastRTPS: /opt/ros/humble/include  
[1.028s] -- Using RMW implementation 'rmw_fastrtps_cpp' as default
[1.036s] -- Looking for pthread.h
[1.126s] -- Looking for pthread.h - found
[1.127s] -- Performing Test CMAKE_HAVE_LIBC_PTHREAD
[1.229s] -- Performing Test CMAKE_HAVE_LIBC_PTHREAD - Success
[1.230s] -- Found Threads: TRUE  
[1.277s] -- Found robstride_motor_msgs: 0.0.0 (/home/jaewoong/colcon_Ws/install/robstride_motor_msgs/share/robstride_motor_msgs/cmake)
[1.345s] -- Configuring done
[1.351s] -- Generating done
[1.354s] -- Build files have been written to: /home/jaewoong/colcon_Ws/src/robstride_dk/build/robstride_dk
[1.361s] Invoked command in '/home/jaewoong/colcon_Ws/src/robstride_dk/build/robstride_dk' returned '0': CMAKE_PREFIX_PATH=${CMAKE_PREFIX_PATH}:/opt/ros/humble /usr/bin/cmake /home/jaewoong/colcon_Ws/src/robstride_dk -DCMAKE_INSTALL_PREFIX=/home/jaewoong/colcon_Ws/src/robstride_dk/install/robstride_dk
[1.363s] Invoking command in '/home/jaewoong/colcon_Ws/src/robstride_dk/build/robstride_dk': CMAKE_PREFIX_PATH=${CMAKE_PREFIX_PATH}:/opt/ros/humble /usr/bin/cmake --build /home/jaewoong/colcon_Ws/src/robstride_dk/build/robstride_dk -- -j32 -l32
[1.434s] [ 33%] [32mBuilding CXX object CMakeFiles/robstride_dk_node.dir/src/robstride_driver.cpp.o[0m
[1.435s] [ 66%] [32mBuilding CXX object CMakeFiles/robstride_dk_node.dir/src/robstride_dk_node.cpp.o[0m
[1.500s] gmake[2]: *** [CMakeFiles/robstride_dk_node.dir/build.make:90: CMakeFiles/robstride_dk_node.dir/src/robstride_driver.cpp.o] Interrupt
[1.500s] gmake[2]: *** [CMakeFiles/robstride_dk_node.dir/build.make:76: CMakeFiles/robstride_dk_node.dir/src/robstride_dk_node.cpp.o] Interrupt
[1.500s] gmake[1]: *** [CMakeFiles/Makefile2:137: CMakeFiles/robstride_dk_node.dir/all] Interrupt
[1.500s] gmake: *** [Makefile:146: all] Interrupt
[1.502s] Invoked command in '/home/jaewoong/colcon_Ws/src/robstride_dk/build/robstride_dk' returned '-2': CMAKE_PREFIX_PATH=${CMAKE_PREFIX_PATH}:/opt/ros/humble /usr/bin/cmake --build /home/jaewoong/colcon_Ws/src/robstride_dk/build/robstride_dk -- -j32 -l32
